[ 2017-12-21T10:58:58+08:00 ] ::1 /lengyun/
INFO: [ app_init ] --START--
INFO: Run Behavior\BuildLiteBehavior [ RunTime:0.000013s ]
INFO: [ app_init ] --END-- [ RunTime:0.016705s ]
INFO: [ app_begin ] --START--
INFO: Run Behavior\ReadHtmlCacheBehavior [ RunTime:0.015447s ]
INFO: [ app_begin ] --END-- [ RunTime:0.015522s ]
SQL: SHOW COLUMNS FROM `ly_category` [ RunTime:0.0867s ]
SQL: SELECT * FROM `ly_category`  [ RunTime:0.0006s ]
SQL: SHOW COLUMNS FROM `ly_news` [ RunTime:0.0678s ]
SQL: SELECT * FROM `ly_news` WHERE ( n_status=1 )  [ RunTime:0.0009s ]
SQL: SHOW COLUMNS FROM `ly_product` [ RunTime:0.1102s ]
SQL: SELECT * FROM `ly_product` WHERE `p_differ` = 2 AND `p_status` = 1  [ RunTime:0.0008s ]
INFO: [ view_parse ] --START--
INFO: [ template_filter ] --START--
INFO: Run Behavior\ContentReplaceBehavior [ RunTime:0.000219s ]
INFO: [ template_filter ] --END-- [ RunTime:0.000259s ]
SQL: SELECT * FROM `ly_product` WHERE `p_category` = '12' AND `p_status` = 1 AND `p_differ` = 1  [ RunTime:0.0009s ]
SQL: SELECT * FROM `ly_product` WHERE `p_category` = '13' AND `p_status` = 1 AND `p_differ` = 1  [ RunTime:0.0004s ]
SQL: SELECT * FROM `ly_product` WHERE `p_category` = '14' AND `p_status` = 1 AND `p_differ` = 1  [ RunTime:0.0004s ]
SQL: SELECT * FROM `ly_product` WHERE `p_category` = '15' AND `p_status` = 1 AND `p_differ` = 1  [ RunTime:0.0005s ]
SQL: SELECT * FROM `ly_product` WHERE `p_category` = '16' AND `p_status` = 1 AND `p_differ` = 1  [ RunTime:0.0005s ]
SQL: SELECT * FROM `ly_product` WHERE `p_category` = '17' AND `p_status` = 1 AND `p_differ` = 1  [ RunTime:0.0004s ]
INFO: Run Behavior\ParseTemplateBehavior [ RunTime:0.134284s ]
INFO: [ view_parse ] --END-- [ RunTime:0.134319s ]
INFO: [ view_filter ] --START--
INFO: Run Behavior\WriteHtmlCacheBehavior [ RunTime:0.008196s ]
INFO: [ view_filter ] --END-- [ RunTime:0.008234s ]
INFO: [ app_end ] --START--
INFO: Run Behavior\ShowPageTraceBehavior [ RunTime:0.031246s ]
INFO: [ app_end ] --END-- [ RunTime:0.031331s ]

[ 2017-12-21T10:58:58+08:00 ] ::1 /lengyun/Index/map.html
INFO: [ app_init ] --START--
INFO: Run Behavior\BuildLiteBehavior [ RunTime:0.000012s ]
INFO: [ app_init ] --END-- [ RunTime:0.000506s ]
INFO: [ app_begin ] --START--
INFO: Run Behavior\ReadHtmlCacheBehavior [ RunTime:0.001344s ]
INFO: [ app_begin ] --END-- [ RunTime:0.001401s ]
INFO: [ view_parse ] --START--
INFO: [ template_filter ] --START--
INFO: Run Behavior\ContentReplaceBehavior [ RunTime:0.000059s ]
INFO: [ template_filter ] --END-- [ RunTime:0.000115s ]
INFO: Run Behavior\ParseTemplateBehavior [ RunTime:0.098890s ]
INFO: [ view_parse ] --END-- [ RunTime:0.098937s ]
INFO: [ view_filter ] --START--
INFO: Run Behavior\WriteHtmlCacheBehavior [ RunTime:0.000900s ]
INFO: [ view_filter ] --END-- [ RunTime:0.000931s ]
INFO: [ app_end ] --START--
INFO: Run Behavior\ShowPageTraceBehavior [ RunTime:0.001154s ]
INFO: [ app_end ] --END-- [ RunTime:0.001187s ]

